2025-10-22 14:09:10,799 [Worker-5: Loading available Gradle versions] INFO  o.e.b.c.i.u.g.PublishedGradleVersions - Gradle version information cache is up-to-date. Trying to read.
2025-10-22 14:09:45,153 [Worker-12: Importing Maven projects] INFO  o.e.m.c.i.l.LifecycleMappingFactory - Using org.maven.ide.eclipse.wtp.WarLifecycleMapping lifecycle mapping for MavenProject: com.klef:CAR-SPRINGBOOT:0.0.1-SNAPSHOT @ C:\2025 ODD_SEM_DEVOPS\DOCKER-PRACTICE\FULLSTACK-PROJECT-CAR\CAR-SPRINGBOOT\pom.xml.
2025-10-22 14:09:47,195 [Worker-12: Importing Maven projects] INFO  o.e.m.j.i.AbstractJavaProjectConfigurator - Adding source folder /CAR-SPRINGBOOT/src/main/java
2025-10-22 14:09:47,201 [Worker-12: Importing Maven projects] INFO  o.e.m.j.i.AbstractJavaProjectConfigurator - Adding resource folder /CAR-SPRINGBOOT/src/main/resources
2025-10-22 14:09:47,212 [Worker-12: Importing Maven projects] INFO  o.e.m.j.i.AbstractJavaProjectConfigurator - Adding resource folder /CAR-SPRINGBOOT/src/main/resources
2025-10-22 14:09:47,218 [Worker-12: Importing Maven projects] INFO  o.e.m.j.i.AbstractJavaProjectConfigurator - Adding source folder /CAR-SPRINGBOOT/src/test/java
2025-10-22 14:09:47,220 [Worker-12: Importing Maven projects] INFO  o.e.m.j.i.AbstractJavaProjectConfigurator - Adding resource folder /CAR-SPRINGBOOT/src/test/resources
2025-10-22 14:09:50,908 [Worker-12: Importing Maven projects] INFO  o.e.m.c.i.p.ProjectConfigurationManager - Imported and configured 1 project(s) in 7 sec
2025-10-22 14:09:53,342 [Worker-27: Building] INFO  o.a.m.s.f.DefaultMavenResourcesFiltering - Copying 1 resource from src\main\resources to target\classes
2025-10-22 14:09:53,387 [Worker-27: Building] INFO  o.a.m.s.f.DefaultMavenResourcesFiltering - Copying 0 resource from src\main\resources to target\classes
2025-10-22 14:09:53,397 [Worker-27: Building] INFO  o.a.m.s.f.DefaultMavenResourcesFiltering - skip non existing resourceDirectory C:\2025 ODD_SEM_DEVOPS\DOCKER-PRACTICE\FULLSTACK-PROJECT-CAR\CAR-SPRINGBOOT\src\test\resources
2025-10-22 14:10:21,884 [Worker-15: Building] INFO  o.e.m.c.i.l.LifecycleMappingFactory - Using org.eclipse.m2e.jdt.JarLifecycleMapping lifecycle mapping for MavenProject: com.klef:CAR-SPRINGBOOT:0.0.1-SNAPSHOT @ C:\2025 ODD_SEM_DEVOPS\DOCKER-PRACTICE\FULLSTACK-PROJECT-CAR\CAR-SPRINGBOOT\pom.xml.
2025-10-22 14:10:23,183 [Worker-15: Building] INFO  o.a.m.s.f.DefaultMavenResourcesFiltering - Copying 1 resource from src\main\resources to target\classes
2025-10-22 14:10:23,203 [Worker-15: Building] INFO  o.a.m.s.f.DefaultMavenResourcesFiltering - Copying 0 resource from src\main\resources to target\classes
2025-10-22 14:10:23,210 [Worker-15: Building] INFO  o.a.m.s.f.DefaultMavenResourcesFiltering - skip non existing resourceDirectory C:\2025 ODD_SEM_DEVOPS\DOCKER-PRACTICE\FULLSTACK-PROJECT-CAR\CAR-SPRINGBOOT\src\test\resources
2025-10-22 14:10:23,347 [Worker-11: Updating Maven Project] INFO  o.e.m.c.i.p.ProjectConfigurationManager - Update started
2025-10-22 14:10:23,879 [Worker-11: Updating Maven Project] INFO  o.e.m.c.i.l.LifecycleMappingFactory - Using org.eclipse.m2e.jdt.JarLifecycleMapping lifecycle mapping for MavenProject: com.klef:CAR-SPRINGBOOT:0.0.1-SNAPSHOT @ C:\2025 ODD_SEM_DEVOPS\DOCKER-PRACTICE\FULLSTACK-PROJECT-CAR\CAR-SPRINGBOOT\pom.xml.
2025-10-22 14:10:24,434 [Worker-11: Updating Maven Project] INFO  o.e.m.j.i.AbstractJavaProjectConfigurator - Adding source folder /CAR-SPRINGBOOT/src/main/java
2025-10-22 14:10:24,435 [Worker-11: Updating Maven Project] INFO  o.e.m.j.i.AbstractJavaProjectConfigurator - Adding resource folder /CAR-SPRINGBOOT/src/main/resources
2025-10-22 14:10:24,437 [Worker-11: Updating Maven Project] INFO  o.e.m.j.i.AbstractJavaProjectConfigurator - Adding resource folder /CAR-SPRINGBOOT/src/main/resources
2025-10-22 14:10:24,438 [Worker-11: Updating Maven Project] INFO  o.e.m.j.i.AbstractJavaProjectConfigurator - Adding source folder /CAR-SPRINGBOOT/src/test/java
2025-10-22 14:10:24,439 [Worker-11: Updating Maven Project] INFO  o.e.m.j.i.AbstractJavaProjectConfigurator - Adding resource folder /CAR-SPRINGBOOT/src/test/resources
2025-10-22 14:10:25,679 [Worker-11: Updating Maven Project] INFO  o.e.m.c.i.p.ProjectConfigurationManager - Update completed for 1 poms: local refresh takes 0.00 sec, refresh facades takes 1.00 sec, update config takes 1.00 sec 
2025-10-22 14:10:26,111 [Worker-7: Building] INFO  o.a.m.s.f.DefaultMavenResourcesFiltering - Copying 1 resource from src\main\resources to target\classes
2025-10-22 14:10:26,137 [Worker-7: Building] INFO  o.a.m.s.f.DefaultMavenResourcesFiltering - Copying 0 resource from src\main\resources to target\classes
2025-10-22 14:10:26,145 [Worker-7: Building] INFO  o.a.m.s.f.DefaultMavenResourcesFiltering - skip non existing resourceDirectory C:\2025 ODD_SEM_DEVOPS\DOCKER-PRACTICE\FULLSTACK-PROJECT-CAR\CAR-SPRINGBOOT\src\test\resources
2025-10-22 14:10:34,264 [Worker-20: Building] INFO  o.a.m.s.f.DefaultMavenResourcesFiltering - Copying 1 resource from src\main\resources to target\classes
2025-10-22 14:10:34,270 [Worker-20: Building] INFO  o.a.m.s.f.DefaultMavenResourcesFiltering - Copying 0 resource from src\main\resources to target\classes
2025-10-22 14:10:34,274 [Worker-20: Building] INFO  o.a.m.s.f.DefaultMavenResourcesFiltering - skip non existing resourceDirectory C:\2025 ODD_SEM_DEVOPS\DOCKER-PRACTICE\FULLSTACK-PROJECT-CAR\CAR-SPRINGBOOT\src\test\resources
2025-10-22 14:10:51,597 [Worker-6: Updating Maven Project] INFO  o.e.m.c.i.p.ProjectConfigurationManager - Update started
2025-10-22 14:10:51,930 [Worker-6: Updating Maven Project] INFO  o.e.m.c.i.l.LifecycleMappingFactory - Using org.eclipse.m2e.jdt.JarLifecycleMapping lifecycle mapping for MavenProject: com.klef:CAR-SPRINGBOOT:0.0.1-SNAPSHOT @ C:\2025 ODD_SEM_DEVOPS\DOCKER-PRACTICE\FULLSTACK-PROJECT-CAR\CAR-SPRINGBOOT\pom.xml.
2025-10-22 14:10:52,416 [Worker-6: Updating Maven Project] INFO  o.e.m.j.i.AbstractJavaProjectConfigurator - Adding source folder /CAR-SPRINGBOOT/src/main/java
2025-10-22 14:10:52,417 [Worker-6: Updating Maven Project] INFO  o.e.m.j.i.AbstractJavaProjectConfigurator - Adding resource folder /CAR-SPRINGBOOT/src/main/resources
2025-10-22 14:10:52,417 [Worker-6: Updating Maven Project] INFO  o.e.m.j.i.AbstractJavaProjectConfigurator - Adding resource folder /CAR-SPRINGBOOT/src/main/resources
2025-10-22 14:10:52,418 [Worker-6: Updating Maven Project] INFO  o.e.m.j.i.AbstractJavaProjectConfigurator - Adding source folder /CAR-SPRINGBOOT/src/test/java
2025-10-22 14:10:52,418 [Worker-6: Updating Maven Project] INFO  o.e.m.j.i.AbstractJavaProjectConfigurator - Adding resource folder /CAR-SPRINGBOOT/src/test/resources
2025-10-22 14:10:52,673 [Worker-6: Updating Maven Project] INFO  o.e.m.c.i.p.ProjectConfigurationManager - Update completed for 1 poms: local refresh takes 0.00 sec, refresh facades takes 0.00 sec, update config takes 0.00 sec 
2025-10-22 14:10:53,053 [Worker-28: Building] INFO  o.a.m.s.f.DefaultMavenResourcesFiltering - Copying 1 resource from src\main\resources to target\classes
2025-10-22 14:10:53,076 [Worker-28: Building] INFO  o.a.m.s.f.DefaultMavenResourcesFiltering - Copying 0 resource from src\main\resources to target\classes
2025-10-22 14:10:53,083 [Worker-28: Building] INFO  o.a.m.s.f.DefaultMavenResourcesFiltering - skip non existing resourceDirectory C:\2025 ODD_SEM_DEVOPS\DOCKER-PRACTICE\FULLSTACK-PROJECT-CAR\CAR-SPRINGBOOT\src\test\resources
